2018-03-04 19:01:47,734 [INFO] from application in play-dev-mode-akka.actor.default-dispatcher-2 - ApplicationTimer demo: Starting application at 2018-03-04T17:01:47.733Z.
2018-03-04 19:01:47,963 [INFO] from play.api.http.EnabledFilters in play-dev-mode-akka.actor.default-dispatcher-2 - Enabled Filters (see <https://www.playframework.com/documentation/latest/Filters>):

    play.filters.csrf.CSRFFilter
    play.filters.headers.SecurityHeadersFilter
    play.filters.hosts.AllowedHostsFilter
    filters.ExampleFilter
    filters.ExampleFilter

2018-03-04 19:01:47,969 [INFO] from play.api.Play in play-dev-mode-akka.actor.default-dispatcher-2 - Application started (Dev)
2018-03-04 19:01:48,211 [WARN] from play.api.mvc.DefaultJWTCookieDataCodec in application-akka.actor.default-dispatcher-5 - decode: cookie has invalid signature! message = JWT signature does not match locally computed signature. JWT validity cannot be asserted and should not be trusted.
2018-03-04 19:01:48,212 [INFO] from play.api.mvc.DefaultJWTCookieDataCodec in application-akka.actor.default-dispatcher-5 - The JWT signature in the cookie does not match the locally computed signature with the server.
This usually indicates the browser has a leftover cookie from another Play application,
so clearing cookies may resolve this error message.
2018-03-04 19:01:48,338 [ERROR] from application in application-akka.actor.default-dispatcher-5 - 

! @7770i8cdh - Internal server error, for (GET) [/] ->
 
play.api.http.HttpErrorHandlerExceptions$$anon$1: Execution exception[[IllegalArgumentException: clusterListener can not be null]]
	at play.api.http.HttpErrorHandlerExceptions$.throwableToUsefulException(HttpErrorHandler.scala:255)
	at play.api.http.DefaultHttpErrorHandler.onServerError(HttpErrorHandler.scala:180)
	at play.core.server.AkkaHttpServer$$anonfun$3.applyOrElse(AkkaHttpServer.scala:320)
	at play.core.server.AkkaHttpServer$$anonfun$3.applyOrElse(AkkaHttpServer.scala:318)
	at scala.concurrent.Future$$anonfun$recoverWith$1.apply(Future.scala:346)
	at scala.concurrent.Future$$anonfun$recoverWith$1.apply(Future.scala:345)
	at scala.concurrent.impl.CallbackRunnable.run(Promise.scala:32)
	at akka.dispatch.BatchingExecutor$AbstractBatch.processBatch(BatchingExecutor.scala:55)
	at akka.dispatch.BatchingExecutor$BlockableBatch$$anonfun$run$1.apply$mcV$sp(BatchingExecutor.scala:91)
	at akka.dispatch.BatchingExecutor$BlockableBatch$$anonfun$run$1.apply(BatchingExecutor.scala:91)
	at akka.dispatch.BatchingExecutor$BlockableBatch$$anonfun$run$1.apply(BatchingExecutor.scala:91)
	at scala.concurrent.BlockContext$.withBlockContext(BlockContext.scala:72)
	at akka.dispatch.BatchingExecutor$BlockableBatch.run(BatchingExecutor.scala:90)
	at akka.dispatch.TaskInvocation.run(AbstractDispatcher.scala:40)
	at akka.dispatch.ForkJoinExecutorConfigurator$AkkaForkJoinTask.exec(ForkJoinExecutorConfigurator.scala:43)
	at akka.dispatch.forkjoin.ForkJoinTask.doExec(ForkJoinTask.java:260)
	at akka.dispatch.forkjoin.ForkJoinPool$WorkQueue.runTask(ForkJoinPool.java:1339)
	at akka.dispatch.forkjoin.ForkJoinPool.runWorker(ForkJoinPool.java:1979)
	at akka.dispatch.forkjoin.ForkJoinWorkerThread.run(ForkJoinWorkerThread.java:107)
Caused by: java.lang.IllegalArgumentException: clusterListener can not be null
	at com.mongodb.assertions.Assertions.notNull(Assertions.java:37)
	at com.mongodb.connection.ClusterSettings$Builder.addClusterListener(ClusterSettings.java:218)
	at com.mongodb.connection.DefaultClusterFactory.getClusterSettings(DefaultClusterFactory.java:190)
	at com.mongodb.connection.DefaultClusterFactory.create(DefaultClusterFactory.java:46)
	at com.mongodb.Mongo.createCluster(Mongo.java:660)
	at com.mongodb.Mongo.createCluster(Mongo.java:646)
	at com.mongodb.Mongo.<init>(Mongo.java:275)
	at com.mongodb.Mongo.<init>(Mongo.java:271)
	at com.mongodb.MongoClient.<init>(MongoClient.java:171)
	at com.mongodb.MongoClient.<init>(MongoClient.java:148)
	at com.mongodb.MongoClient.<init>(MongoClient.java:118)
	at com.mongodb.casbah.MongoClient$.apply(MongoClient.scala:56)
	at controllers.HomeController.connectMongo(HomeController.scala:16)
	at controllers.HomeController$$anonfun$index$1.apply(HomeController.scala:28)
	at controllers.HomeController$$anonfun$index$1.apply(HomeController.scala:27)
	at play.api.mvc.ActionBuilder$$anonfun$apply$11.apply(Action.scala:363)
	at play.api.mvc.ActionBuilder$$anonfun$apply$11.apply(Action.scala:363)
	at scala.Function1$$anonfun$andThen$1.apply(Function1.scala:52)
	at play.api.mvc.ActionBuilderImpl.invokeBlock(Action.scala:482)
	at play.api.mvc.ActionBuilderImpl.invokeBlock(Action.scala:480)
	at play.api.mvc.ActionBuilder$$anon$9.invokeBlock(Action.scala:331)
	at play.api.mvc.ActionBuilder$$anon$9.invokeBlock(Action.scala:326)
	at play.api.mvc.ActionBuilder$$anon$2.apply(Action.scala:419)
	at play.api.mvc.Action$$anonfun$apply$2.apply(Action.scala:96)
	at play.api.mvc.Action$$anonfun$apply$2.apply(Action.scala:89)
	at play.api.libs.streams.StrictAccumulator$$anonfun$mapFuture$2$$anonfun$1.apply(Accumulator.scala:174)
	at play.api.libs.streams.StrictAccumulator$$anonfun$mapFuture$2$$anonfun$1.apply(Accumulator.scala:174)
	at scala.util.Try$.apply(Try.scala:192)
	at play.api.libs.streams.StrictAccumulator$$anonfun$mapFuture$2.apply(Accumulator.scala:174)
	at play.api.libs.streams.StrictAccumulator$$anonfun$mapFuture$2.apply(Accumulator.scala:170)
	at akka.stream.impl.Transform.apply(TraversalBuilder.scala:155)
	at akka.stream.impl.PhasedFusingActorMaterializer.materialize(PhasedFusingActorMaterializer.scala:476)
	at akka.stream.impl.PhasedFusingActorMaterializer.materialize(PhasedFusingActorMaterializer.scala:413)
	at akka.stream.impl.PhasedFusingActorMaterializer.materialize(PhasedFusingActorMaterializer.scala:408)
	at akka.stream.scaladsl.RunnableGraph.run(Flow.scala:556)
	at play.api.libs.streams.Accumulator$$anonfun$futureToSink$1$$anonfun$apply$8.apply(Accumulator.scala:245)
	at play.api.libs.streams.Accumulator$$anonfun$futureToSink$1$$anonfun$apply$8.apply(Accumulator.scala:244)
	at scala.concurrent.Future$$anonfun$flatMap$1.apply(Future.scala:253)
	at scala.concurrent.Future$$anonfun$flatMap$1.apply(Future.scala:251)
	at scala.concurrent.impl.CallbackRunnable.run(Promise.scala:32)
	at play.api.libs.streams.Execution$trampoline$.executeScheduled(Execution.scala:109)
	at play.api.libs.streams.Execution$trampoline$.execute(Execution.scala:71)
	at scala.concurrent.impl.CallbackRunnable.executeWithValue(Promise.scala:40)
	at scala.concurrent.impl.Promise$DefaultPromise.scala$concurrent$impl$Promise$DefaultPromise$$dispatchOrAddCallback(Promise.scala:280)
	at scala.concurrent.impl.Promise$DefaultPromise.onComplete(Promise.scala:270)
	at scala.concurrent.Future$class.flatMap(Future.scala:251)
	at scala.concurrent.impl.Promise$DefaultPromise.flatMap(Promise.scala:153)
	at play.api.libs.streams.Accumulator$$anonfun$futureToSink$1.apply(Accumulator.scala:244)
	at play.api.libs.streams.Accumulator$$anonfun$futureToSink$1.apply(Accumulator.scala:240)
	at akka.stream.impl.Transform.apply(TraversalBuilder.scala:155)
	at akka.stream.impl.PhasedFusingActorMaterializer.materialize(PhasedFusingActorMaterializer.scala:476)
	at akka.stream.impl.PhasedFusingActorMaterializer.materialize(PhasedFusingActorMaterializer.scala:413)
	at akka.stream.impl.PhasedFusingActorMaterializer.materialize(PhasedFusingActorMaterializer.scala:408)
	at akka.stream.scaladsl.RunnableGraph.run(Flow.scala:556)
	at play.api.libs.streams.SinkAccumulator.run(Accumulator.scala:135)
	at play.api.libs.streams.SinkAccumulator.run(Accumulator.scala:139)
	at play.core.server.AkkaHttpServer$$anonfun$15.apply(AkkaHttpServer.scala:314)
	at play.core.server.AkkaHttpServer$$anonfun$15.apply(AkkaHttpServer.scala:312)
	at akka.http.scaladsl.util.FastFuture$.akka$http$scaladsl$util$FastFuture$$strictTransform$1(FastFuture.scala:41)
	at akka.http.scaladsl.util.FastFuture$$anonfun$transformWith$extension1$1.apply(FastFuture.scala:51)
	at akka.http.scaladsl.util.FastFuture$$anonfun$transformWith$extension1$1.apply(FastFuture.scala:50)
	... 13 common frames omitted
2018-03-04 19:22:36,090 [ERROR] from application in play-dev-mode-akka.actor.default-dispatcher-8 - 

! @7770l1c6i - Internal server error, for (GET) [/] ->
 
play.sbt.PlayExceptions$CompilationException: Compilation error[not enough arguments for constructor AbstractController: (controllerComponents: play.api.mvc.ControllerComponents)play.api.mvc.AbstractController.
Unspecified value parameter controllerComponents.]
	at play.sbt.PlayExceptions$CompilationException$.apply(PlayExceptions.scala:34)
	at play.sbt.PlayExceptions$CompilationException$.apply(PlayExceptions.scala:34)
	at scala.Option.map(Option.scala:146)
	at play.sbt.run.PlayReload$.$anonfun$taskFailureHandler$1(PlayReload.scala:33)
	at scala.Option.map(Option.scala:146)
	at play.sbt.run.PlayReload$.taskFailureHandler(PlayReload.scala:28)
	at play.sbt.run.PlayReload$.compileFailure(PlayReload.scala:24)
	at play.sbt.run.PlayReload$.$anonfun$compile$3(PlayReload.scala:51)
	at scala.util.Either$LeftProjection.map(Either.scala:573)
	at play.sbt.run.PlayReload$.compile(PlayReload.scala:51)
	at play.sbt.run.PlayRun$.$anonfun$playRunTask$4(PlayRun.scala:76)
	at play.runsupport.Reloader.$anonfun$reload$1(Reloader.scala:413)
	at play.runsupport.Reloader$$anon$5.run(Reloader.scala:51)
	at java.security.AccessController.doPrivileged(Native Method)
	at play.runsupport.Reloader$.play$runsupport$Reloader$$withReloaderContextClassLoader(Reloader.scala:56)
	at play.runsupport.Reloader.reload(Reloader.scala:413)
	at play.core.server.DevServerStart$$anonfun$mainDev$1$$anon$1.get(DevServerStart.scala:123)
	at play.core.server.AkkaHttpServer.play$core$server$AkkaHttpServer$$handleRequest(AkkaHttpServer.scala:189)
	at play.core.server.AkkaHttpServer$$anonfun$5.apply(AkkaHttpServer.scala:106)
	at play.core.server.AkkaHttpServer$$anonfun$5.apply(AkkaHttpServer.scala:106)
	at akka.stream.impl.fusing.MapAsync$$anon$25.onPush(Ops.scala:1194)
	at akka.stream.impl.fusing.GraphInterpreter.processPush(GraphInterpreter.scala:519)
	at akka.stream.impl.fusing.GraphInterpreter.processEvent(GraphInterpreter.scala:482)
	at akka.stream.impl.fusing.GraphInterpreter.execute(GraphInterpreter.scala:378)
	at akka.stream.impl.fusing.GraphInterpreterShell.runBatch(ActorGraphInterpreter.scala:585)
	at akka.stream.impl.fusing.GraphInterpreterShell$AsyncInput.execute(ActorGraphInterpreter.scala:469)
	at akka.stream.impl.fusing.GraphInterpreterShell.processEvent(ActorGraphInterpreter.scala:560)
	at akka.stream.impl.fusing.ActorGraphInterpreter.akka$stream$impl$fusing$ActorGraphInterpreter$$processEvent(ActorGraphInterpreter.scala:742)
	at akka.stream.impl.fusing.ActorGraphInterpreter$$anonfun$receive$1.applyOrElse(ActorGraphInterpreter.scala:757)
	at akka.actor.Actor$class.aroundReceive(Actor.scala:517)
	at akka.stream.impl.fusing.ActorGraphInterpreter.aroundReceive(ActorGraphInterpreter.scala:667)
	at akka.actor.ActorCell.receiveMessage(ActorCell.scala:590)
	at akka.actor.ActorCell.invoke(ActorCell.scala:559)
	at akka.dispatch.Mailbox.processMailbox(Mailbox.scala:257)
	at akka.dispatch.Mailbox.run(Mailbox.scala:224)
	at akka.dispatch.Mailbox.exec(Mailbox.scala:234)
	at akka.dispatch.forkjoin.ForkJoinTask.doExec(ForkJoinTask.java:260)
	at akka.dispatch.forkjoin.ForkJoinPool$WorkQueue.runTask(ForkJoinPool.java:1339)
	at akka.dispatch.forkjoin.ForkJoinPool.runWorker(ForkJoinPool.java:1979)
	at akka.dispatch.forkjoin.ForkJoinWorkerThread.run(ForkJoinWorkerThread.java:107)
2018-03-04 19:28:19,387 [INFO] from application in play-dev-mode-akka.actor.default-dispatcher-13 - ApplicationTimer demo: Stopping application at 2018-03-04T17:28:19.386Z after 1592s.
2018-03-04 19:28:19,561 [INFO] from application in play-dev-mode-akka.actor.default-dispatcher-13 - ApplicationTimer demo: Starting application at 2018-03-04T17:28:19.560Z.
2018-03-04 19:28:19,633 [INFO] from play.api.http.EnabledFilters in play-dev-mode-akka.actor.default-dispatcher-13 - Enabled Filters (see <https://www.playframework.com/documentation/latest/Filters>):

    play.filters.csrf.CSRFFilter
    play.filters.headers.SecurityHeadersFilter
    play.filters.hosts.AllowedHostsFilter
    filters.ExampleFilter
    filters.ExampleFilter

2018-03-04 19:28:19,634 [INFO] from play.api.Play in play-dev-mode-akka.actor.default-dispatcher-13 - Application started (Dev)
2018-03-04 19:28:19,642 [WARN] from play.api.mvc.DefaultJWTCookieDataCodec in application-akka.actor.default-dispatcher-4 - decode: cookie has invalid signature! message = JWT signature does not match locally computed signature. JWT validity cannot be asserted and should not be trusted.
2018-03-04 19:28:19,642 [INFO] from play.api.mvc.DefaultJWTCookieDataCodec in application-akka.actor.default-dispatcher-4 - The JWT signature in the cookie does not match the locally computed signature with the server.
This usually indicates the browser has a leftover cookie from another Play application,
so clearing cookies may resolve this error message.
2018-03-04 19:28:19,738 [WARN] from play.api.mvc.DefaultJWTCookieDataCodec in application-akka.actor.default-dispatcher-5 - decode: cookie has invalid signature! message = JWT signature does not match locally computed signature. JWT validity cannot be asserted and should not be trusted.
2018-03-04 19:28:19,739 [INFO] from play.api.mvc.DefaultJWTCookieDataCodec in application-akka.actor.default-dispatcher-5 - The JWT signature in the cookie does not match the locally computed signature with the server.
This usually indicates the browser has a leftover cookie from another Play application,
so clearing cookies may resolve this error message.
2018-03-04 19:28:19,738 [WARN] from play.api.mvc.DefaultJWTCookieDataCodec in application-akka.actor.default-dispatcher-4 - decode: cookie has invalid signature! message = JWT signature does not match locally computed signature. JWT validity cannot be asserted and should not be trusted.
2018-03-04 19:28:19,739 [INFO] from play.api.mvc.DefaultJWTCookieDataCodec in application-akka.actor.default-dispatcher-4 - The JWT signature in the cookie does not match the locally computed signature with the server.
This usually indicates the browser has a leftover cookie from another Play application,
so clearing cookies may resolve this error message.
2018-03-04 19:28:19,813 [WARN] from play.api.mvc.DefaultJWTCookieDataCodec in application-akka.actor.default-dispatcher-3 - decode: cookie has invalid signature! message = JWT signature does not match locally computed signature. JWT validity cannot be asserted and should not be trusted.
2018-03-04 19:28:19,813 [INFO] from play.api.mvc.DefaultJWTCookieDataCodec in application-akka.actor.default-dispatcher-3 - The JWT signature in the cookie does not match the locally computed signature with the server.
This usually indicates the browser has a leftover cookie from another Play application,
so clearing cookies may resolve this error message.
2018-03-04 19:28:19,813 [WARN] from play.api.mvc.DefaultJWTCookieDataCodec in application-akka.actor.default-dispatcher-2 - decode: cookie has invalid signature! message = JWT signature does not match locally computed signature. JWT validity cannot be asserted and should not be trusted.
2018-03-04 19:28:19,813 [INFO] from play.api.mvc.DefaultJWTCookieDataCodec in application-akka.actor.default-dispatcher-2 - The JWT signature in the cookie does not match the locally computed signature with the server.
This usually indicates the browser has a leftover cookie from another Play application,
so clearing cookies may resolve this error message.
2018-03-04 19:28:19,818 [WARN] from play.api.mvc.DefaultJWTCookieDataCodec in application-akka.actor.default-dispatcher-8 - decode: cookie has invalid signature! message = JWT signature does not match locally computed signature. JWT validity cannot be asserted and should not be trusted.
2018-03-04 19:28:19,818 [INFO] from play.api.mvc.DefaultJWTCookieDataCodec in application-akka.actor.default-dispatcher-8 - The JWT signature in the cookie does not match the locally computed signature with the server.
This usually indicates the browser has a leftover cookie from another Play application,
so clearing cookies may resolve this error message.
2018-03-04 19:28:27,244 [WARN] from play.api.mvc.DefaultJWTCookieDataCodec in application-akka.actor.default-dispatcher-2 - decode: cookie has invalid signature! message = JWT signature does not match locally computed signature. JWT validity cannot be asserted and should not be trusted.
2018-03-04 19:28:27,244 [INFO] from play.api.mvc.DefaultJWTCookieDataCodec in application-akka.actor.default-dispatcher-2 - The JWT signature in the cookie does not match the locally computed signature with the server.
This usually indicates the browser has a leftover cookie from another Play application,
so clearing cookies may resolve this error message.
2018-03-04 19:29:22,286 [ERROR] from application in play-dev-mode-akka.actor.default-dispatcher-18 - 

! @7770lof3p - Internal server error, for (GET) [/count] ->
 
play.sbt.PlayExceptions$CompilationException: Compilation error[Cannot write an instance of Int to HTTP response. Try to define a Writeable[Int]]
	at play.sbt.PlayExceptions$CompilationException$.apply(PlayExceptions.scala:34)
	at play.sbt.PlayExceptions$CompilationException$.apply(PlayExceptions.scala:34)
	at scala.Option.map(Option.scala:146)
	at play.sbt.run.PlayReload$.$anonfun$taskFailureHandler$1(PlayReload.scala:33)
	at scala.Option.map(Option.scala:146)
	at play.sbt.run.PlayReload$.taskFailureHandler(PlayReload.scala:28)
	at play.sbt.run.PlayReload$.compileFailure(PlayReload.scala:24)
	at play.sbt.run.PlayReload$.$anonfun$compile$3(PlayReload.scala:51)
	at scala.util.Either$LeftProjection.map(Either.scala:573)
	at play.sbt.run.PlayReload$.compile(PlayReload.scala:51)
	at play.sbt.run.PlayRun$.$anonfun$playRunTask$4(PlayRun.scala:76)
	at play.runsupport.Reloader.$anonfun$reload$1(Reloader.scala:413)
	at play.runsupport.Reloader$$anon$5.run(Reloader.scala:51)
	at java.security.AccessController.doPrivileged(Native Method)
	at play.runsupport.Reloader$.play$runsupport$Reloader$$withReloaderContextClassLoader(Reloader.scala:56)
	at play.runsupport.Reloader.reload(Reloader.scala:413)
	at play.core.server.DevServerStart$$anonfun$mainDev$1$$anon$1.get(DevServerStart.scala:123)
	at play.core.server.AkkaHttpServer.play$core$server$AkkaHttpServer$$handleRequest(AkkaHttpServer.scala:189)
	at play.core.server.AkkaHttpServer$$anonfun$5.apply(AkkaHttpServer.scala:106)
	at play.core.server.AkkaHttpServer$$anonfun$5.apply(AkkaHttpServer.scala:106)
	at akka.stream.impl.fusing.MapAsync$$anon$25.onPush(Ops.scala:1194)
	at akka.stream.impl.fusing.GraphInterpreter.processPush(GraphInterpreter.scala:519)
	at akka.stream.impl.fusing.GraphInterpreter.processEvent(GraphInterpreter.scala:482)
	at akka.stream.impl.fusing.GraphInterpreter.execute(GraphInterpreter.scala:378)
	at akka.stream.impl.fusing.GraphInterpreterShell.runBatch(ActorGraphInterpreter.scala:585)
	at akka.stream.impl.fusing.GraphInterpreterShell$AsyncInput.execute(ActorGraphInterpreter.scala:469)
	at akka.stream.impl.fusing.GraphInterpreterShell.processEvent(ActorGraphInterpreter.scala:560)
	at akka.stream.impl.fusing.ActorGraphInterpreter.akka$stream$impl$fusing$ActorGraphInterpreter$$processEvent(ActorGraphInterpreter.scala:742)
	at akka.stream.impl.fusing.ActorGraphInterpreter$$anonfun$receive$1.applyOrElse(ActorGraphInterpreter.scala:757)
	at akka.actor.Actor$class.aroundReceive(Actor.scala:517)
	at akka.stream.impl.fusing.ActorGraphInterpreter.aroundReceive(ActorGraphInterpreter.scala:667)
	at akka.actor.ActorCell.receiveMessage(ActorCell.scala:590)
	at akka.actor.ActorCell.invoke(ActorCell.scala:559)
	at akka.dispatch.Mailbox.processMailbox(Mailbox.scala:257)
	at akka.dispatch.Mailbox.run(Mailbox.scala:224)
	at akka.dispatch.Mailbox.exec(Mailbox.scala:234)
	at akka.dispatch.forkjoin.ForkJoinTask.doExec(ForkJoinTask.java:260)
	at akka.dispatch.forkjoin.ForkJoinPool$WorkQueue.runTask(ForkJoinPool.java:1339)
	at akka.dispatch.forkjoin.ForkJoinPool.runWorker(ForkJoinPool.java:1979)
	at akka.dispatch.forkjoin.ForkJoinWorkerThread.run(ForkJoinWorkerThread.java:107)
2018-03-04 19:29:39,732 [INFO] from application in play-dev-mode-akka.actor.default-dispatcher-17 - ApplicationTimer demo: Stopping application at 2018-03-04T17:29:39.732Z after 80s.
2018-03-04 19:29:39,869 [INFO] from application in play-dev-mode-akka.actor.default-dispatcher-17 - ApplicationTimer demo: Starting application at 2018-03-04T17:29:39.868Z.
2018-03-04 19:29:39,935 [INFO] from play.api.http.EnabledFilters in play-dev-mode-akka.actor.default-dispatcher-17 - Enabled Filters (see <https://www.playframework.com/documentation/latest/Filters>):

    play.filters.csrf.CSRFFilter
    play.filters.headers.SecurityHeadersFilter
    play.filters.hosts.AllowedHostsFilter
    filters.ExampleFilter
    filters.ExampleFilter

2018-03-04 19:29:39,935 [INFO] from play.api.Play in play-dev-mode-akka.actor.default-dispatcher-17 - Application started (Dev)
2018-03-04 19:29:39,941 [WARN] from play.api.mvc.DefaultJWTCookieDataCodec in application-akka.actor.default-dispatcher-6 - decode: cookie has invalid signature! message = JWT signature does not match locally computed signature. JWT validity cannot be asserted and should not be trusted.
2018-03-04 19:29:39,941 [INFO] from play.api.mvc.DefaultJWTCookieDataCodec in application-akka.actor.default-dispatcher-6 - The JWT signature in the cookie does not match the locally computed signature with the server.
This usually indicates the browser has a leftover cookie from another Play application,
so clearing cookies may resolve this error message.
